
2023/04/09 (16:35:08) | ===> btop++ v.1.2.13
2023/04/09 (16:35:08) | ERROR: Invalid hex value: 40a02b
theme[temp_mid]=
2023/04/09 (16:35:08) | ERROR: Invalid hex value: 89dceb

# Process box color gradient for threads, mem and cpu usage (Sapphire -> Mauve)
theme[process_start]=
2023/04/09 (16:35:09) | ERROR: Invalid hex value: 89dceb

# Process box color gradient for threads, mem and cpu usage (Sapphire -> Mauve)
theme[process_start]=
2023/04/09 (16:35:11) | ERROR: Invalid hex value: 40a02b
theme[temp_mid]=
2023/04/09 (16:35:11) | ERROR: Invalid hex value: 89dceb

# Process box color gradient for threads, mem and cpu usage (Sapphire -> Mauve)
theme[process_start]=

2023/04/09 (17:23:07) | ===> btop++ v.1.2.13
2023/04/09 (17:23:07) | ERROR: Invalid hex value: 89dceb

# Process box color gradient for threads, mem and cpu usage (Sapphire -> Mauve)
theme[process_start]=

2023/04/09 (17:47:19) | ===> btop++ v.1.2.13
2023/04/09 (17:47:19) | ERROR: No tty detected!
btop++ needs an interactive shell to run.

2023/04/09 (17:47:25) | ===> btop++ v.1.2.13
2023/04/09 (17:47:25) | ERROR: Invalid hex value: 89dceb

# Process box color gradient for threads, mem and cpu usage (Sapphire -> Mauve)
theme[process_start]=

2023/04/09 (19:05:11) | ===> btop++ v.1.2.13
2023/04/09 (19:05:11) | ERROR: No tty detected!
btop++ needs an interactive shell to run.

2023/04/09 (19:05:14) | ===> btop++ v.1.2.13
2023/04/09 (19:05:14) | ERROR: No tty detected!
btop++ needs an interactive shell to run.

2023/04/09 (19:05:14) | ===> btop++ v.1.2.13
2023/04/09 (19:05:14) | ERROR: No tty detected!
btop++ needs an interactive shell to run.

2023/04/09 (19:05:14) | ===> btop++ v.1.2.13
2023/04/09 (19:05:14) | ERROR: No tty detected!
btop++ needs an interactive shell to run.

2023/04/09 (19:24:22) | ===> btop++ v.1.2.13
2023/04/09 (19:24:22) | ERROR: Invalid hex value: 89dceb

# Process box color gradient for threads, mem and cpu usage (Sapphire -> Mauve)
theme[process_start]=

2023/04/09 (21:03:26) | ===> btop++ v.1.2.13
2023/04/09 (21:03:26) | ERROR: Invalid hex value: 89dceb

# Process box color gradient for threads, mem and cpu usage (Sapphire -> Mauve)
theme[process_start]=

2023/04/10 (09:15:59) | ===> btop++ v.1.2.13
2023/04/10 (09:15:59) | ERROR: Invalid hex value: 89dceb

# Process box color gradient for threads, mem and cpu usage (Sapphire -> Mauve)
theme[process_start]=

2023/04/12 (10:29:33) | ===> btop++ v.1.2.13
2023/04/12 (10:29:33) | ERROR: Invalid hex value: 89dceb

# Process box color gradient for threads, mem and cpu usage (Sapphire -> Mauve)
theme[process_start]=

2023/04/12 (18:03:23) | ===> btop++ v.1.2.13
2023/04/12 (18:03:23) | ERROR: Invalid hex value: 89dceb

# Process box color gradient for threads, mem and cpu usage (Sapphire -> Mauve)
theme[process_start]=

2023/04/14 (14:41:16) | ===> btop++ v.1.2.13
2023/04/14 (14:41:16) | ERROR: Invalid hex value: 89dceb

# Process box color gradient for threads, mem and cpu usage (Sapphire -> Mauve)
theme[process_start]=

2023/04/14 (15:29:59) | ===> btop++ v.1.2.13
2023/04/14 (15:29:59) | ERROR: Invalid hex value: 89dceb

# Process box color gradient for threads, mem and cpu usage (Sapphire -> Mauve)
theme[process_start]=

2023/04/14 (18:55:07) | ===> btop++ v.1.2.13
2023/04/14 (18:55:07) | ERROR: Invalid hex value: 89dceb

# Process box color gradient for threads, mem and cpu usage (Sapphire -> Mauve)
theme[process_start]=

2023/04/16 (11:10:21) | ===> btop++ v.1.2.13
2023/04/16 (11:10:21) | ERROR: Invalid hex value: 89dceb

# Process box color gradient for threads, mem and cpu usage (Sapphire -> Mauve)
theme[process_start]=

2023/04/18 (15:02:03) | ===> btop++ v.1.2.13
2023/04/18 (15:02:03) | ERROR: Invalid hex value: 89dceb

# Process box color gradient for threads, mem and cpu usage (Sapphire -> Mauve)
theme[process_start]=

2023/04/18 (21:09:09) | ===> btop++ v.1.2.13
2023/04/18 (21:09:09) | ERROR: Invalid hex value: 89dceb

# Process box color gradient for threads, mem and cpu usage (Sapphire -> Mauve)
theme[process_start]=

2023/04/19 (16:13:20) | ===> btop++ v.1.2.13
2023/04/19 (16:13:20) | ERROR: Invalid hex value: 89dceb

# Process box color gradient for threads, mem and cpu usage (Sapphire -> Mauve)
theme[process_start]=

2023/04/25 (15:11:51) | ===> btop++ v.1.2.13
2023/04/25 (15:11:51) | ERROR: Invalid hex value: 89dceb

# Process box color gradient for threads, mem and cpu usage (Sapphire -> Mauve)
theme[process_start]=

2023/04/25 (18:47:28) | ===> btop++ v.1.2.13
2023/04/25 (18:47:28) | ERROR: Invalid hex value: 89dceb

# Process box color gradient for threads, mem and cpu usage (Sapphire -> Mauve)
theme[process_start]=

2023/04/25 (20:35:37) | ===> btop++ v.1.2.13
2023/04/25 (20:35:37) | ERROR: Invalid hex value: 89dceb

# Process box color gradient for threads, mem and cpu usage (Sapphire -> Mauve)
theme[process_start]=

2023/04/25 (21:37:54) | ===> btop++ v.1.2.13
2023/04/25 (21:37:54) | ERROR: Invalid hex value: 89dceb

# Process box color gradient for threads, mem and cpu usage (Sapphire -> Mauve)
theme[process_start]=

2023/04/26 (13:48:20) | ===> btop++ v.1.2.13
2023/04/26 (13:48:20) | ERROR: Invalid hex value: 89dceb

# Process box color gradient for threads, mem and cpu usage (Sapphire -> Mauve)
theme[process_start]=

2023/04/26 (13:48:29) | ===> btop++ v.1.2.13
2023/04/26 (13:48:29) | ERROR: Invalid hex value: 89dceb

# Process box color gradient for threads, mem and cpu usage (Sapphire -> Mauve)
theme[process_start]=

2023/04/26 (13:49:32) | ===> btop++ v.1.2.13
2023/04/26 (13:49:32) | ERROR: Invalid hex value: 89dceb

# Process box color gradient for threads, mem and cpu usage (Sapphire -> Mauve)
theme[process_start]=

2023/04/26 (23:33:29) | ===> btop++ v.1.2.13
2023/04/26 (23:33:29) | ERROR: Invalid hex value: 89dceb

# Process box color gradient for threads, mem and cpu usage (Sapphire -> Mauve)
theme[process_start]=

2023/04/26 (23:39:56) | ===> btop++ v.1.2.13
2023/04/26 (23:39:56) | ERROR: Invalid hex value: 89dceb

# Process box color gradient for threads, mem and cpu usage (Sapphire -> Mauve)
theme[process_start]=

2023/05/10 (01:14:38) | ===> btop++ v.1.2.13
2023/05/10 (01:14:38) | ERROR: Invalid hex value: 89dceb

# Process box color gradient for threads, mem and cpu usage (Sapphire -> Mauve)
theme[process_start]=
